<?xml version="1.0" encoding="UTF-8"?>
<testsuite xmlns:xsi="http://www.w3.org/2001/XMLSchema-instance" xsi:noNamespaceSchemaLocation="https://maven.apache.org/surefire/maven-surefire-plugin/xsd/surefire-test-report-3.0.xsd" version="3.0" name="com.kb.comment.CommentServiceTest" time="0.201" tests="8" errors="3" skipped="0" failures="0">
  <properties>
[...]
</properties>
  <testcase name="create_sanitizesXss" classname="com.kb.comment.CommentServiceTest" time="0.013">
    <system-out><![CDATA[2026-04-08T13:43:02.726+08:00  INFO 95831 --- [           main] t.c.s.AnnotationConfigContextLoaderUtils : Could not detect default configuration classes for test class [com.kb.comment.CommentServiceTest]: CommentServiceTest does not declare any static, non-private, non-final, nested classes annotated with @Configuration.
2026-04-08T13:43:02.736+08:00  INFO 95831 --- [           main] .b.t.c.SpringBootTestContextBootstrapper : Found @SpringBootConfiguration com.kb.KbApplication for test class com.kb.comment.CommentServiceTest
]]></system-out>
  </testcase>
  <testcase name="listByArticle_notFound" classname="com.kb.comment.CommentServiceTest" time="0.009"/>
  <testcase name="create_topLevel" classname="com.kb.comment.CommentServiceTest" time="0.01"/>
  <testcase name="delete_cascadesToChildren" classname="com.kb.comment.CommentServiceTest" time="0.099">
    <error message="&#10;### Error querying database.  Cause: org.h2.jdbc.JdbcSQLSyntaxErrorException: Column &quot;d.id&quot; not found; SQL statement:&#10;WITH RECURSIVE descendants AS (&#10;    SELECT id FROM kb_comment WHERE parent_id = ? AND status = 1&#10;  UNION ALL&#10;    SELECT c.id FROM kb_comment c&#10;    JOIN descendants d ON c.parent_id = d.id&#10;    WHERE c.status = 1&#10;)&#10;SELECT id FROM descendants [42122-224]&#10;### The error may exist in com/kb/comment/mapper/CommentMapper.java (best guess)&#10;### The error may involve com.kb.comment.mapper.CommentMapper.selectDescendantIds&#10;### The error occurred while executing a query&#10;### SQL: WITH RECURSIVE descendants AS (     SELECT id FROM kb_comment WHERE parent_id = ? AND status = 1   UNION ALL     SELECT c.id FROM kb_comment c     JOIN descendants d ON c.parent_id = d.id     WHERE c.status = 1 ) SELECT id FROM descendants&#10;### Cause: org.h2.jdbc.JdbcSQLSyntaxErrorException: Column &quot;d.id&quot; not found; SQL statement:&#10;WITH RECURSIVE descendants AS (&#10;    SELECT id FROM kb_comment WHERE parent_id = ? AND status = 1&#10;  UNION ALL&#10;    SELECT c.id FROM kb_comment c&#10;    JOIN descendants d ON c.parent_id = d.id&#10;    WHERE c.status = 1&#10;)&#10;SELECT id FROM descendants [42122-224]&#10;; bad SQL grammar []" type="org.springframework.jdbc.BadSqlGrammarException"><![CDATA[org.springframework.jdbc.BadSqlGrammarException: 

### Error querying database.  Cause: org.h2.jdbc.JdbcSQLSyntaxErrorException: Column "d.id" not found; SQL statement:
WITH RECURSIVE descendants AS (
    SELECT id FROM kb_comment WHERE parent_id = ? AND status = 1
  UNION ALL
    SELECT c.id FROM kb_comment c
    JOIN descendants d ON c.parent_id = d.id
    WHERE c.status = 1
)
SELECT id FROM descendants [42122-224]
### The error may exist in com/kb/comment/mapper/CommentMapper.java (best guess)
### The error may involve com.kb.comment.mapper.CommentMapper.selectDescendantIds
### The error occurred while executing a query
### SQL: WITH RECURSIVE descendants AS (     SELECT id FROM kb_comment WHERE parent_id = ? AND status = 1   UNION ALL     SELECT c.id FROM kb_comment c     JOIN descendants d ON c.parent_id = d.id     WHERE c.status = 1 ) SELECT id FROM descendants
### Cause: org.h2.jdbc.JdbcSQLSyntaxErrorException: Column "d.id" not found; SQL statement:
WITH RECURSIVE descendants AS (
    SELECT id FROM kb_comment WHERE parent_id = ? AND status = 1
  UNION ALL
    SELECT c.id FROM kb_comment c
    JOIN descendants d ON c.parent_id = d.id
    WHERE c.status = 1
)
SELECT id FROM descendants [42122-224]
; bad SQL grammar []
	at org.springframework.jdbc.support.SQLErrorCodeSQLExceptionTranslator.doTranslate(SQLErrorCodeSQLExceptionTranslator.java:246)
	at org.springframework.jdbc.support.AbstractFallbackSQLExceptionTranslator.translate(AbstractFallbackSQLExceptionTranslator.java:107)
	at org.mybatis.spring.MyBatisExceptionTranslator.translateExceptionIfPossible(MyBatisExceptionTranslator.java:92)
	at org.mybatis.spring.SqlSessionTemplate$SqlSessionInterceptor.invoke(SqlSessionTemplate.java:439)
	at jdk.proxy2/jdk.proxy2.$Proxy114.selectList(Unknown Source)
	at org.mybatis.spring.SqlSessionTemplate.selectList(SqlSessionTemplate.java:224)
	at com.baomidou.mybatisplus.core.override.MybatisMapperMethod.executeForMany(MybatisMapperMethod.java:164)
	at com.baomidou.mybatisplus.core.override.MybatisMapperMethod.execute(MybatisMapperMethod.java:77)
	at com.baomidou.mybatisplus.core.override.MybatisMapperProxy$PlainMethodInvoker.invoke(MybatisMapperProxy.java:149)
	at com.baomidou.mybatisplus.core.override.MybatisMapperProxy.invoke(MybatisMapperProxy.java:90)
	at jdk.proxy2/jdk.proxy2.$Proxy185.selectDescendantIds(Unknown Source)
	at com.kb.comment.service.CommentService.delete(CommentService.java:85)
	at java.base/jdk.internal.reflect.NativeMethodAccessorImpl.invoke0(Native Method)
	at java.base/jdk.internal.reflect.NativeMethodAccessorImpl.invoke(NativeMethodAccessorImpl.java:77)
	at java.base/jdk.internal.reflect.DelegatingMethodAccessorImpl.invoke(DelegatingMethodAccessorImpl.java:43)
	at java.base/java.lang.reflect.Method.invoke(Method.java:569)
	at org.springframework.aop.support.AopUtils.invokeJoinpointUsingReflection(AopUtils.java:354)
	at org.springframework.aop.framework.ReflectiveMethodInvocation.invokeJoinpoint(ReflectiveMethodInvocation.java:196)
	at org.springframework.aop.framework.ReflectiveMethodInvocation.proceed(ReflectiveMethodInvocation.java:163)
	at org.springframework.aop.framework.CglibAopProxy$CglibMethodInvocation.proceed(CglibAopProxy.java:768)
	at org.springframework.transaction.interceptor.TransactionInterceptor$1.proceedWithInvocation(TransactionInterceptor.java:123)
	at org.springframework.transaction.interceptor.TransactionAspectSupport.invokeWithinTransaction(TransactionAspectSupport.java:392)
	at org.springframework.transaction.interceptor.TransactionInterceptor.invoke(TransactionInterceptor.java:119)
	at org.springframework.aop.framework.ReflectiveMethodInvocation.proceed(ReflectiveMethodInvocation.java:184)
	at org.springframework.aop.framework.CglibAopProxy$CglibMethodInvocation.proceed(CglibAopProxy.java:768)
	at org.springframework.aop.framework.CglibAopProxy$DynamicAdvisedInterceptor.intercept(CglibAopProxy.java:720)
	at com.kb.comment.service.CommentService$$SpringCGLIB$$0.delete(<generated>)
	at com.kb.comment.CommentServiceTest.delete_cascadesToChildren(CommentServiceTest.java:127)
	at java.base/java.lang.reflect.Method.invoke(Method.java:569)
	at java.base/java.util.ArrayList.forEach(ArrayList.java:1511)
	at java.base/java.util.ArrayList.forEach(ArrayList.java:1511)
Caused by: org.h2.jdbc.JdbcSQLSyntaxErrorException: Column "d.id" not found; SQL statement:
WITH RECURSIVE descendants AS (
    SELECT id FROM kb_comment WHERE parent_id = ? AND status = 1
  UNION ALL
    SELECT c.id FROM kb_comment c
    JOIN descendants d ON c.parent_id = d.id
    WHERE c.status = 1
)
SELECT id FROM descendants [42122-224]
	at org.h2.message.DbException.getJdbcSQLException(DbException.java:514)
	at org.h2.message.DbException.getJdbcSQLException(DbException.java:489)
	at org.h2.message.DbException.get(DbException.java:223)
	at org.h2.message.DbException.get(DbException.java:199)
	at org.h2.expression.ExpressionColumn.getColumnException(ExpressionColumn.java:244)
	at org.h2.expression.ExpressionColumn.optimizeOther(ExpressionColumn.java:226)
	at org.h2.expression.ExpressionColumn.optimize(ExpressionColumn.java:213)
	at org.h2.expression.condition.Comparison.optimize(Comparison.java:148)
	at org.h2.expression.condition.ConditionAndOr.optimize(ConditionAndOr.java:137)
	at org.h2.expression.Expression.optimizeCondition(Expression.java:148)
	at org.h2.command.query.Select.prepareExpressions(Select.java:1177)
	at org.h2.command.query.SelectUnion.prepareExpressions(SelectUnion.java:251)
	at org.h2.command.query.Query.prepare(Query.java:218)
	at org.h2.table.QueryExpressionTable.createQueryColumnTemplateList(QueryExpressionTable.java:98)
	at org.h2.command.Parser.parseSingleCommonTableExpression(Parser.java:7071)
	at org.h2.command.Parser.parseWith1(Parser.java:6954)
	at org.h2.command.Parser.parseWith(Parser.java:6939)
	at org.h2.command.Parser.parseWithStatementOrQuery(Parser.java:2507)
	at org.h2.command.Parser.parsePrepared(Parser.java:631)
	at org.h2.command.Parser.parse(Parser.java:592)
	at org.h2.command.Parser.parse(Parser.java:564)
	at org.h2.command.Parser.prepareCommand(Parser.java:483)
	at org.h2.engine.SessionLocal.prepareLocal(SessionLocal.java:639)
	at org.h2.engine.SessionLocal.prepareCommand(SessionLocal.java:559)
	at org.h2.jdbc.JdbcConnection.prepareCommand(JdbcConnection.java:1166)
	at org.h2.jdbc.JdbcPreparedStatement.<init>(JdbcPreparedStatement.java:93)
	at org.h2.jdbc.JdbcConnection.prepareStatement(JdbcConnection.java:316)
	at com.zaxxer.hikari.pool.ProxyConnection.prepareStatement(ProxyConnection.java:327)
	at com.zaxxer.hikari.pool.HikariProxyConnection.prepareStatement(HikariProxyConnection.java)
	at org.apache.ibatis.executor.statement.PreparedStatementHandler.instantiateStatement(PreparedStatementHandler.java:88)
	at org.apache.ibatis.executor.statement.BaseStatementHandler.prepare(BaseStatementHandler.java:90)
	at org.apache.ibatis.executor.statement.RoutingStatementHandler.prepare(RoutingStatementHandler.java:60)
	at jdk.internal.reflect.GeneratedMethodAccessor21.invoke(Unknown Source)
	at java.base/jdk.internal.reflect.DelegatingMethodAccessorImpl.invoke(DelegatingMethodAccessorImpl.java:43)
	at java.base/java.lang.reflect.Method.invoke(Method.java:569)
	at org.apache.ibatis.plugin.Invocation.proceed(Invocation.java:61)
	at com.baomidou.mybatisplus.extension.plugins.MybatisPlusInterceptor.intercept(MybatisPlusInterceptor.java:106)
	at org.apache.ibatis.plugin.Plugin.invoke(Plugin.java:59)
	at jdk.proxy2/jdk.proxy2.$Proxy208.prepare(Unknown Source)
	at org.apache.ibatis.executor.SimpleExecutor.prepareStatement(SimpleExecutor.java:90)
	at org.apache.ibatis.executor.SimpleExecutor.doQuery(SimpleExecutor.java:64)
	at org.apache.ibatis.executor.BaseExecutor.queryFromDatabase(BaseExecutor.java:336)
	at org.apache.ibatis.executor.BaseExecutor.query(BaseExecutor.java:158)
	at org.apache.ibatis.executor.CachingExecutor.query(CachingExecutor.java:110)
	at com.baomidou.mybatisplus.extension.plugins.MybatisPlusInterceptor.intercept(MybatisPlusInterceptor.java:81)
	at org.apache.ibatis.plugin.Plugin.invoke(Plugin.java:59)
	at jdk.proxy2/jdk.proxy2.$Proxy207.query(Unknown Source)
	at org.apache.ibatis.session.defaults.DefaultSqlSession.selectList(DefaultSqlSession.java:154)
	at org.apache.ibatis.session.defaults.DefaultSqlSession.selectList(DefaultSqlSession.java:147)
	at org.apache.ibatis.session.defaults.DefaultSqlSession.selectList(DefaultSqlSession.java:142)
	at java.base/jdk.internal.reflect.NativeMethodAccessorImpl.invoke0(Native Method)
	at java.base/jdk.internal.reflect.NativeMethodAccessorImpl.invoke(NativeMethodAccessorImpl.java:77)
	at java.base/jdk.internal.reflect.DelegatingMethodAccessorImpl.invoke(DelegatingMethodAccessorImpl.java:43)
	at java.base/java.lang.reflect.Method.invoke(Method.java:569)
	at org.mybatis.spring.SqlSessionTemplate$SqlSessionInterceptor.invoke(SqlSessionTemplate.java:425)
	... 27 more
]]></error>
  </testcase>
  <testcase name="delete_notFound" classname="com.kb.comment.CommentServiceTest" time="0.01"/>
  <testcase name="listByArticle_includesDeleted" classname="com.kb.comment.CommentServiceTest" time="0.011">
    <error message="&#10;### Error querying database.  Cause: org.h2.jdbc.JdbcSQLSyntaxErrorException: Column &quot;d.id&quot; not found; SQL statement:&#10;WITH RECURSIVE descendants AS (&#10;    SELECT id FROM kb_comment WHERE parent_id = ? AND status = 1&#10;  UNION ALL&#10;    SELECT c.id FROM kb_comment c&#10;    JOIN descendants d ON c.parent_id = d.id&#10;    WHERE c.status = 1&#10;)&#10;SELECT id FROM descendants [42122-224]&#10;### The error may exist in com/kb/comment/mapper/CommentMapper.java (best guess)&#10;### The error may involve com.kb.comment.mapper.CommentMapper.selectDescendantIds&#10;### The error occurred while executing a query&#10;### SQL: WITH RECURSIVE descendants AS (     SELECT id FROM kb_comment WHERE parent_id = ? AND status = 1   UNION ALL     SELECT c.id FROM kb_comment c     JOIN descendants d ON c.parent_id = d.id     WHERE c.status = 1 ) SELECT id FROM descendants&#10;### Cause: org.h2.jdbc.JdbcSQLSyntaxErrorException: Column &quot;d.id&quot; not found; SQL statement:&#10;WITH RECURSIVE descendants AS (&#10;    SELECT id FROM kb_comment WHERE parent_id = ? AND status = 1&#10;  UNION ALL&#10;    SELECT c.id FROM kb_comment c&#10;    JOIN descendants d ON c.parent_id = d.id&#10;    WHERE c.status = 1&#10;)&#10;SELECT id FROM descendants [42122-224]&#10;; bad SQL grammar []" type="org.springframework.jdbc.BadSqlGrammarException"><![CDATA[org.springframework.jdbc.BadSqlGrammarException: 

### Error querying database.  Cause: org.h2.jdbc.JdbcSQLSyntaxErrorException: Column "d.id" not found; SQL statement:
WITH RECURSIVE descendants AS (
    SELECT id FROM kb_comment WHERE parent_id = ? AND status = 1
  UNION ALL
    SELECT c.id FROM kb_comment c
    JOIN descendants d ON c.parent_id = d.id
    WHERE c.status = 1
)
SELECT id FROM descendants [42122-224]
### The error may exist in com/kb/comment/mapper/CommentMapper.java (best guess)
### The error may involve com.kb.comment.mapper.CommentMapper.selectDescendantIds
### The error occurred while executing a query
### SQL: WITH RECURSIVE descendants AS (     SELECT id FROM kb_comment WHERE parent_id = ? AND status = 1   UNION ALL     SELECT c.id FROM kb_comment c     JOIN descendants d ON c.parent_id = d.id     WHERE c.status = 1 ) SELECT id FROM descendants
### Cause: org.h2.jdbc.JdbcSQLSyntaxErrorException: Column "d.id" not found; SQL statement:
WITH RECURSIVE descendants AS (
    SELECT id FROM kb_comment WHERE parent_id = ? AND status = 1
  UNION ALL
    SELECT c.id FROM kb_comment c
    JOIN descendants d ON c.parent_id = d.id
    WHERE c.status = 1
)
SELECT id FROM descendants [42122-224]
; bad SQL grammar []
	at org.springframework.jdbc.support.SQLErrorCodeSQLExceptionTranslator.doTranslate(SQLErrorCodeSQLExceptionTranslator.java:246)
	at org.springframework.jdbc.support.AbstractFallbackSQLExceptionTranslator.translate(AbstractFallbackSQLExceptionTranslator.java:107)
	at org.mybatis.spring.MyBatisExceptionTranslator.translateExceptionIfPossible(MyBatisExceptionTranslator.java:92)
	at org.mybatis.spring.SqlSessionTemplate$SqlSessionInterceptor.invoke(SqlSessionTemplate.java:439)
	at jdk.proxy2/jdk.proxy2.$Proxy114.selectList(Unknown Source)
	at org.mybatis.spring.SqlSessionTemplate.selectList(SqlSessionTemplate.java:224)
	at com.baomidou.mybatisplus.core.override.MybatisMapperMethod.executeForMany(MybatisMapperMethod.java:164)
	at com.baomidou.mybatisplus.core.override.MybatisMapperMethod.execute(MybatisMapperMethod.java:77)
	at com.baomidou.mybatisplus.core.override.MybatisMapperProxy$PlainMethodInvoker.invoke(MybatisMapperProxy.java:149)
	at com.baomidou.mybatisplus.core.override.MybatisMapperProxy.invoke(MybatisMapperProxy.java:90)
	at jdk.proxy2/jdk.proxy2.$Proxy185.selectDescendantIds(Unknown Source)
	at com.kb.comment.service.CommentService.delete(CommentService.java:85)
	at java.base/jdk.internal.reflect.NativeMethodAccessorImpl.invoke0(Native Method)
	at java.base/jdk.internal.reflect.NativeMethodAccessorImpl.invoke(NativeMethodAccessorImpl.java:77)
	at java.base/jdk.internal.reflect.DelegatingMethodAccessorImpl.invoke(DelegatingMethodAccessorImpl.java:43)
	at java.base/java.lang.reflect.Method.invoke(Method.java:569)
	at org.springframework.aop.support.AopUtils.invokeJoinpointUsingReflection(AopUtils.java:354)
	at org.springframework.aop.framework.ReflectiveMethodInvocation.invokeJoinpoint(ReflectiveMethodInvocation.java:196)
	at org.springframework.aop.framework.ReflectiveMethodInvocation.proceed(ReflectiveMethodInvocation.java:163)
	at org.springframework.aop.framework.CglibAopProxy$CglibMethodInvocation.proceed(CglibAopProxy.java:768)
	at org.springframework.transaction.interceptor.TransactionInterceptor$1.proceedWithInvocation(TransactionInterceptor.java:123)
	at org.springframework.transaction.interceptor.TransactionAspectSupport.invokeWithinTransaction(TransactionAspectSupport.java:392)
	at org.springframework.transaction.interceptor.TransactionInterceptor.invoke(TransactionInterceptor.java:119)
	at org.springframework.aop.framework.ReflectiveMethodInvocation.proceed(ReflectiveMethodInvocation.java:184)
	at org.springframework.aop.framework.CglibAopProxy$CglibMethodInvocation.proceed(CglibAopProxy.java:768)
	at org.springframework.aop.framework.CglibAopProxy$DynamicAdvisedInterceptor.intercept(CglibAopProxy.java:720)
	at com.kb.comment.service.CommentService$$SpringCGLIB$$0.delete(<generated>)
	at com.kb.comment.CommentServiceTest.listByArticle_includesDeleted(CommentServiceTest.java:103)
	at java.base/java.lang.reflect.Method.invoke(Method.java:569)
	at java.base/java.util.ArrayList.forEach(ArrayList.java:1511)
	at java.base/java.util.ArrayList.forEach(ArrayList.java:1511)
Caused by: org.h2.jdbc.JdbcSQLSyntaxErrorException: Column "d.id" not found; SQL statement:
WITH RECURSIVE descendants AS (
    SELECT id FROM kb_comment WHERE parent_id = ? AND status = 1
  UNION ALL
    SELECT c.id FROM kb_comment c
    JOIN descendants d ON c.parent_id = d.id
    WHERE c.status = 1
)
SELECT id FROM descendants [42122-224]
	at org.h2.message.DbException.getJdbcSQLException(DbException.java:514)
	at org.h2.message.DbException.getJdbcSQLException(DbException.java:489)
	at org.h2.message.DbException.get(DbException.java:223)
	at org.h2.message.DbException.get(DbException.java:199)
	at org.h2.expression.ExpressionColumn.getColumnException(ExpressionColumn.java:244)
	at org.h2.expression.ExpressionColumn.optimizeOther(ExpressionColumn.java:226)
	at org.h2.expression.ExpressionColumn.optimize(ExpressionColumn.java:213)
	at org.h2.expression.condition.Comparison.optimize(Comparison.java:148)
	at org.h2.expression.condition.ConditionAndOr.optimize(ConditionAndOr.java:137)
	at org.h2.expression.Expression.optimizeCondition(Expression.java:148)
	at org.h2.command.query.Select.prepareExpressions(Select.java:1177)
	at org.h2.command.query.SelectUnion.prepareExpressions(SelectUnion.java:251)
	at org.h2.command.query.Query.prepare(Query.java:218)
	at org.h2.table.QueryExpressionTable.createQueryColumnTemplateList(QueryExpressionTable.java:98)
	at org.h2.command.Parser.parseSingleCommonTableExpression(Parser.java:7071)
	at org.h2.command.Parser.parseWith1(Parser.java:6954)
	at org.h2.command.Parser.parseWith(Parser.java:6939)
	at org.h2.command.Parser.parseWithStatementOrQuery(Parser.java:2507)
	at org.h2.command.Parser.parsePrepared(Parser.java:631)
	at org.h2.command.Parser.parse(Parser.java:592)
	at org.h2.command.Parser.parse(Parser.java:564)
	at org.h2.command.Parser.prepareCommand(Parser.java:483)
	at org.h2.engine.SessionLocal.prepareLocal(SessionLocal.java:639)
	at org.h2.engine.SessionLocal.prepareCommand(SessionLocal.java:559)
	at org.h2.jdbc.JdbcConnection.prepareCommand(JdbcConnection.java:1166)
	at org.h2.jdbc.JdbcPreparedStatement.<init>(JdbcPreparedStatement.java:93)
	at org.h2.jdbc.JdbcConnection.prepareStatement(JdbcConnection.java:316)
	at com.zaxxer.hikari.pool.ProxyConnection.prepareStatement(ProxyConnection.java:327)
	at com.zaxxer.hikari.pool.HikariProxyConnection.prepareStatement(HikariProxyConnection.java)
	at org.apache.ibatis.executor.statement.PreparedStatementHandler.instantiateStatement(PreparedStatementHandler.java:88)
	at org.apache.ibatis.executor.statement.BaseStatementHandler.prepare(BaseStatementHandler.java:90)
	at org.apache.ibatis.executor.statement.RoutingStatementHandler.prepare(RoutingStatementHandler.java:60)
	at jdk.internal.reflect.GeneratedMethodAccessor21.invoke(Unknown Source)
	at java.base/jdk.internal.reflect.DelegatingMethodAccessorImpl.invoke(DelegatingMethodAccessorImpl.java:43)
	at java.base/java.lang.reflect.Method.invoke(Method.java:569)
	at org.apache.ibatis.plugin.Invocation.proceed(Invocation.java:61)
	at com.baomidou.mybatisplus.extension.plugins.MybatisPlusInterceptor.intercept(MybatisPlusInterceptor.java:106)
	at org.apache.ibatis.plugin.Plugin.invoke(Plugin.java:59)
	at jdk.proxy2/jdk.proxy2.$Proxy208.prepare(Unknown Source)
	at org.apache.ibatis.executor.SimpleExecutor.prepareStatement(SimpleExecutor.java:90)
	at org.apache.ibatis.executor.SimpleExecutor.doQuery(SimpleExecutor.java:64)
	at org.apache.ibatis.executor.BaseExecutor.queryFromDatabase(BaseExecutor.java:336)
	at org.apache.ibatis.executor.BaseExecutor.query(BaseExecutor.java:158)
	at org.apache.ibatis.executor.CachingExecutor.query(CachingExecutor.java:110)
	at com.baomidou.mybatisplus.extension.plugins.MybatisPlusInterceptor.intercept(MybatisPlusInterceptor.java:81)
	at org.apache.ibatis.plugin.Plugin.invoke(Plugin.java:59)
	at jdk.proxy2/jdk.proxy2.$Proxy207.query(Unknown Source)
	at org.apache.ibatis.session.defaults.DefaultSqlSession.selectList(DefaultSqlSession.java:154)
	at org.apache.ibatis.session.defaults.DefaultSqlSession.selectList(DefaultSqlSession.java:147)
	at org.apache.ibatis.session.defaults.DefaultSqlSession.selectList(DefaultSqlSession.java:142)
	at java.base/jdk.internal.reflect.NativeMethodAccessorImpl.invoke0(Native Method)
	at java.base/jdk.internal.reflect.NativeMethodAccessorImpl.invoke(NativeMethodAccessorImpl.java:77)
	at java.base/jdk.internal.reflect.DelegatingMethodAccessorImpl.invoke(DelegatingMethodAccessorImpl.java:43)
	at java.base/java.lang.reflect.Method.invoke(Method.java:569)
	at org.mybatis.spring.SqlSessionTemplate$SqlSessionInterceptor.invoke(SqlSessionTemplate.java:425)
	... 27 more
]]></error>
  </testcase>
  <testcase name="delete_idempotent" classname="com.kb.comment.CommentServiceTest" time="0.014">
    <error message="&#10;### Error querying database.  Cause: org.h2.jdbc.JdbcSQLSyntaxErrorException: Column &quot;d.id&quot; not found; SQL statement:&#10;WITH RECURSIVE descendants AS (&#10;    SELECT id FROM kb_comment WHERE parent_id = ? AND status = 1&#10;  UNION ALL&#10;    SELECT c.id FROM kb_comment c&#10;    JOIN descendants d ON c.parent_id = d.id&#10;    WHERE c.status = 1&#10;)&#10;SELECT id FROM descendants [42122-224]&#10;### The error may exist in com/kb/comment/mapper/CommentMapper.java (best guess)&#10;### The error may involve com.kb.comment.mapper.CommentMapper.selectDescendantIds&#10;### The error occurred while executing a query&#10;### SQL: WITH RECURSIVE descendants AS (     SELECT id FROM kb_comment WHERE parent_id = ? AND status = 1   UNION ALL     SELECT c.id FROM kb_comment c     JOIN descendants d ON c.parent_id = d.id     WHERE c.status = 1 ) SELECT id FROM descendants&#10;### Cause: org.h2.jdbc.JdbcSQLSyntaxErrorException: Column &quot;d.id&quot; not found; SQL statement:&#10;WITH RECURSIVE descendants AS (&#10;    SELECT id FROM kb_comment WHERE parent_id = ? AND status = 1&#10;  UNION ALL&#10;    SELECT c.id FROM kb_comment c&#10;    JOIN descendants d ON c.parent_id = d.id&#10;    WHERE c.status = 1&#10;)&#10;SELECT id FROM descendants [42122-224]&#10;; bad SQL grammar []" type="org.springframework.jdbc.BadSqlGrammarException"><![CDATA[org.springframework.jdbc.BadSqlGrammarException: 

### Error querying database.  Cause: org.h2.jdbc.JdbcSQLSyntaxErrorException: Column "d.id" not found; SQL statement:
WITH RECURSIVE descendants AS (
    SELECT id FROM kb_comment WHERE parent_id = ? AND status = 1
  UNION ALL
    SELECT c.id FROM kb_comment c
    JOIN descendants d ON c.parent_id = d.id
    WHERE c.status = 1
)
SELECT id FROM descendants [42122-224]
### The error may exist in com/kb/comment/mapper/CommentMapper.java (best guess)
### The error may involve com.kb.comment.mapper.CommentMapper.selectDescendantIds
### The error occurred while executing a query
### SQL: WITH RECURSIVE descendants AS (     SELECT id FROM kb_comment WHERE parent_id = ? AND status = 1   UNION ALL     SELECT c.id FROM kb_comment c     JOIN descendants d ON c.parent_id = d.id     WHERE c.status = 1 ) SELECT id FROM descendants
### Cause: org.h2.jdbc.JdbcSQLSyntaxErrorException: Column "d.id" not found; SQL statement:
WITH RECURSIVE descendants AS (
    SELECT id FROM kb_comment WHERE parent_id = ? AND status = 1
  UNION ALL
    SELECT c.id FROM kb_comment c
    JOIN descendants d ON c.parent_id = d.id
    WHERE c.status = 1
)
SELECT id FROM descendants [42122-224]
; bad SQL grammar []
	at org.springframework.jdbc.support.SQLErrorCodeSQLExceptionTranslator.doTranslate(SQLErrorCodeSQLExceptionTranslator.java:246)
	at org.springframework.jdbc.support.AbstractFallbackSQLExceptionTranslator.translate(AbstractFallbackSQLExceptionTranslator.java:107)
	at org.mybatis.spring.MyBatisExceptionTranslator.translateExceptionIfPossible(MyBatisExceptionTranslator.java:92)
	at org.mybatis.spring.SqlSessionTemplate$SqlSessionInterceptor.invoke(SqlSessionTemplate.java:439)
	at jdk.proxy2/jdk.proxy2.$Proxy114.selectList(Unknown Source)
	at org.mybatis.spring.SqlSessionTemplate.selectList(SqlSessionTemplate.java:224)
	at com.baomidou.mybatisplus.core.override.MybatisMapperMethod.executeForMany(MybatisMapperMethod.java:164)
	at com.baomidou.mybatisplus.core.override.MybatisMapperMethod.execute(MybatisMapperMethod.java:77)
	at com.baomidou.mybatisplus.core.override.MybatisMapperProxy$PlainMethodInvoker.invoke(MybatisMapperProxy.java:149)
	at com.baomidou.mybatisplus.core.override.MybatisMapperProxy.invoke(MybatisMapperProxy.java:90)
	at jdk.proxy2/jdk.proxy2.$Proxy185.selectDescendantIds(Unknown Source)
	at com.kb.comment.service.CommentService.delete(CommentService.java:85)
	at java.base/jdk.internal.reflect.NativeMethodAccessorImpl.invoke0(Native Method)
	at java.base/jdk.internal.reflect.NativeMethodAccessorImpl.invoke(NativeMethodAccessorImpl.java:77)
	at java.base/jdk.internal.reflect.DelegatingMethodAccessorImpl.invoke(DelegatingMethodAccessorImpl.java:43)
	at java.base/java.lang.reflect.Method.invoke(Method.java:569)
	at org.springframework.aop.support.AopUtils.invokeJoinpointUsingReflection(AopUtils.java:354)
	at org.springframework.aop.framework.ReflectiveMethodInvocation.invokeJoinpoint(ReflectiveMethodInvocation.java:196)
	at org.springframework.aop.framework.ReflectiveMethodInvocation.proceed(ReflectiveMethodInvocation.java:163)
	at org.springframework.aop.framework.CglibAopProxy$CglibMethodInvocation.proceed(CglibAopProxy.java:768)
	at org.springframework.transaction.interceptor.TransactionInterceptor$1.proceedWithInvocation(TransactionInterceptor.java:123)
	at org.springframework.transaction.interceptor.TransactionAspectSupport.invokeWithinTransaction(TransactionAspectSupport.java:392)
	at org.springframework.transaction.interceptor.TransactionInterceptor.invoke(TransactionInterceptor.java:119)
	at org.springframework.aop.framework.ReflectiveMethodInvocation.proceed(ReflectiveMethodInvocation.java:184)
	at org.springframework.aop.framework.CglibAopProxy$CglibMethodInvocation.proceed(CglibAopProxy.java:768)
	at org.springframework.aop.framework.CglibAopProxy$DynamicAdvisedInterceptor.intercept(CglibAopProxy.java:720)
	at com.kb.comment.service.CommentService$$SpringCGLIB$$0.delete(<generated>)
	at com.kb.comment.CommentServiceTest.delete_idempotent(CommentServiceTest.java:150)
	at java.base/java.lang.reflect.Method.invoke(Method.java:569)
	at java.base/java.util.ArrayList.forEach(ArrayList.java:1511)
	at java.base/java.util.ArrayList.forEach(ArrayList.java:1511)
Caused by: org.h2.jdbc.JdbcSQLSyntaxErrorException: Column "d.id" not found; SQL statement:
WITH RECURSIVE descendants AS (
    SELECT id FROM kb_comment WHERE parent_id = ? AND status = 1
  UNION ALL
    SELECT c.id FROM kb_comment c
    JOIN descendants d ON c.parent_id = d.id
    WHERE c.status = 1
)
SELECT id FROM descendants [42122-224]
	at org.h2.message.DbException.getJdbcSQLException(DbException.java:514)
	at org.h2.message.DbException.getJdbcSQLException(DbException.java:489)
	at org.h2.message.DbException.get(DbException.java:223)
	at org.h2.message.DbException.get(DbException.java:199)
	at org.h2.expression.ExpressionColumn.getColumnException(ExpressionColumn.java:244)
	at org.h2.expression.ExpressionColumn.optimizeOther(ExpressionColumn.java:226)
	at org.h2.expression.ExpressionColumn.optimize(ExpressionColumn.java:213)
	at org.h2.expression.condition.Comparison.optimize(Comparison.java:148)
	at org.h2.expression.condition.ConditionAndOr.optimize(ConditionAndOr.java:137)
	at org.h2.expression.Expression.optimizeCondition(Expression.java:148)
	at org.h2.command.query.Select.prepareExpressions(Select.java:1177)
	at org.h2.command.query.SelectUnion.prepareExpressions(SelectUnion.java:251)
	at org.h2.command.query.Query.prepare(Query.java:218)
	at org.h2.table.QueryExpressionTable.createQueryColumnTemplateList(QueryExpressionTable.java:98)
	at org.h2.command.Parser.parseSingleCommonTableExpression(Parser.java:7071)
	at org.h2.command.Parser.parseWith1(Parser.java:6954)
	at org.h2.command.Parser.parseWith(Parser.java:6939)
	at org.h2.command.Parser.parseWithStatementOrQuery(Parser.java:2507)
	at org.h2.command.Parser.parsePrepared(Parser.java:631)
	at org.h2.command.Parser.parse(Parser.java:592)
	at org.h2.command.Parser.parse(Parser.java:564)
	at org.h2.command.Parser.prepareCommand(Parser.java:483)
	at org.h2.engine.SessionLocal.prepareLocal(SessionLocal.java:639)
	at org.h2.engine.SessionLocal.prepareCommand(SessionLocal.java:559)
	at org.h2.jdbc.JdbcConnection.prepareCommand(JdbcConnection.java:1166)
	at org.h2.jdbc.JdbcPreparedStatement.<init>(JdbcPreparedStatement.java:93)
	at org.h2.jdbc.JdbcConnection.prepareStatement(JdbcConnection.java:316)
	at com.zaxxer.hikari.pool.ProxyConnection.prepareStatement(ProxyConnection.java:327)
	at com.zaxxer.hikari.pool.HikariProxyConnection.prepareStatement(HikariProxyConnection.java)
	at org.apache.ibatis.executor.statement.PreparedStatementHandler.instantiateStatement(PreparedStatementHandler.java:88)
	at org.apache.ibatis.executor.statement.BaseStatementHandler.prepare(BaseStatementHandler.java:90)
	at org.apache.ibatis.executor.statement.RoutingStatementHandler.prepare(RoutingStatementHandler.java:60)
	at jdk.internal.reflect.GeneratedMethodAccessor21.invoke(Unknown Source)
	at java.base/jdk.internal.reflect.DelegatingMethodAccessorImpl.invoke(DelegatingMethodAccessorImpl.java:43)
	at java.base/java.lang.reflect.Method.invoke(Method.java:569)
	at org.apache.ibatis.plugin.Invocation.proceed(Invocation.java:61)
	at com.baomidou.mybatisplus.extension.plugins.MybatisPlusInterceptor.intercept(MybatisPlusInterceptor.java:106)
	at org.apache.ibatis.plugin.Plugin.invoke(Plugin.java:59)
	at jdk.proxy2/jdk.proxy2.$Proxy208.prepare(Unknown Source)
	at org.apache.ibatis.executor.SimpleExecutor.prepareStatement(SimpleExecutor.java:90)
	at org.apache.ibatis.executor.SimpleExecutor.doQuery(SimpleExecutor.java:64)
	at org.apache.ibatis.executor.BaseExecutor.queryFromDatabase(BaseExecutor.java:336)
	at org.apache.ibatis.executor.BaseExecutor.query(BaseExecutor.java:158)
	at org.apache.ibatis.executor.CachingExecutor.query(CachingExecutor.java:110)
	at com.baomidou.mybatisplus.extension.plugins.MybatisPlusInterceptor.intercept(MybatisPlusInterceptor.java:81)
	at org.apache.ibatis.plugin.Plugin.invoke(Plugin.java:59)
	at jdk.proxy2/jdk.proxy2.$Proxy207.query(Unknown Source)
	at org.apache.ibatis.session.defaults.DefaultSqlSession.selectList(DefaultSqlSession.java:154)
	at org.apache.ibatis.session.defaults.DefaultSqlSession.selectList(DefaultSqlSession.java:147)
	at org.apache.ibatis.session.defaults.DefaultSqlSession.selectList(DefaultSqlSession.java:142)
	at java.base/jdk.internal.reflect.NativeMethodAccessorImpl.invoke0(Native Method)
	at java.base/jdk.internal.reflect.NativeMethodAccessorImpl.invoke(NativeMethodAccessorImpl.java:77)
	at java.base/jdk.internal.reflect.DelegatingMethodAccessorImpl.invoke(DelegatingMethodAccessorImpl.java:43)
	at java.base/java.lang.reflect.Method.invoke(Method.java:569)
	at org.mybatis.spring.SqlSessionTemplate$SqlSessionInterceptor.invoke(SqlSessionTemplate.java:425)
	... 27 more
]]></error>
  </testcase>
  <testcase name="create_reply" classname="com.kb.comment.CommentServiceTest" time="0.012"/>
</testsuite>