<?xml version="1.0" encoding="UTF-8"?>
<testsuite xmlns:xsi="http://www.w3.org/2001/XMLSchema-instance" xsi:noNamespaceSchemaLocation="https://maven.apache.org/surefire/maven-surefire-plugin/xsd/surefire-test-report-3.0.xsd" version="3.0" name="com.kb.article.ArticleBatchServiceTest" time="0.07" tests="5" errors="0" skipped="0" failures="0">
  <properties>
[...]
</properties>
  <testcase name="batchTag_idempotent" classname="com.kb.article.ArticleBatchServiceTest" time="0.009">
    <system-out><![CDATA[2026-04-08T13:43:04.753+08:00  INFO 95831 --- [           main] t.c.s.AnnotationConfigContextLoaderUtils : Could not detect default configuration classes for test class [com.kb.article.ArticleBatchServiceTest]: ArticleBatchServiceTest does not declare any static, non-private, non-final, nested classes annotated with @Configuration.
2026-04-08T13:43:04.766+08:00  INFO 95831 --- [           main] .b.t.c.SpringBootTestContextBootstrapper : Found @SpringBootConfiguration com.kb.KbApplication for test class com.kb.article.ArticleBatchServiceTest
]]></system-out>
  </testcase>
  <testcase name="batchTag_success" classname="com.kb.article.ArticleBatchServiceTest" time="0.006"/>
  <testcase name="batchDelete_allSuccess" classname="com.kb.article.ArticleBatchServiceTest" time="0.009"/>
  <testcase name="batchDelete_partialFail" classname="com.kb.article.ArticleBatchServiceTest" time="0.007"/>
  <testcase name="batchMove_success" classname="com.kb.article.ArticleBatchServiceTest" time="0.013"/>
</testsuite>