<?xml version="1.0" encoding="UTF-8"?>
<testsuite xmlns:xsi="http://www.w3.org/2001/XMLSchema-instance" xsi:noNamespaceSchemaLocation="https://maven.apache.org/surefire/maven-surefire-plugin/xsd/surefire-test-report-3.0.xsd" version="3.0" name="com.kb.auth.AuthIntegrationTest" time="2.087" tests="12" errors="0" skipped="0" failures="6">
  <properties>
[...]
</properties>
  <testcase name="register_tooShort" classname="com.kb.auth.AuthIntegrationTest" time="0.172">
    <failure message="Status expected:&lt;200&gt; but was:&lt;400&gt;" type="java.lang.AssertionError"><![CDATA[java.lang.AssertionError: Status expected:<200> but was:<400>
	at org.springframework.test.util.AssertionErrors.fail(AssertionErrors.java:59)
	at org.springframework.test.util.AssertionErrors.assertEquals(AssertionErrors.java:122)
	at org.springframework.test.web.servlet.result.StatusResultMatchers.lambda$matcher$9(StatusResultMatchers.java:637)
	at org.springframework.test.web.servlet.MockMvc$1.andExpect(MockMvc.java:214)
	at com.kb.auth.AuthIntegrationTest.register_tooShort(AuthIntegrationTest.java:93)
	at java.base/java.lang.reflect.Method.invoke(Method.java:569)
	at java.base/java.util.ArrayList.forEach(ArrayList.java:1511)
	at java.base/java.util.ArrayList.forEach(ArrayList.java:1511)
]]></failure>
    <system-out><![CDATA[2026-04-08T13:43:00.638+08:00  INFO 95831 --- [           main] t.c.s.AnnotationConfigContextLoaderUtils : Could not detect default configuration classes for test class [com.kb.auth.AuthIntegrationTest]: AuthIntegrationTest does not declare any static, non-private, non-final, nested classes annotated with @Configuration.
2026-04-08T13:43:00.658+08:00  INFO 95831 --- [           main] .b.t.c.SpringBootTestContextBootstrapper : Found @SpringBootConfiguration com.kb.KbApplication for test class com.kb.auth.AuthIntegrationTest

  .   ____          _            __ _ _
 /\\ / ___'_ __ _ _(_)_ __  __ _ \ \ \ \
( ( )\___ | '_ | '_| | '_ \/ _` | \ \ \ \
 \\/  ___)| |_)| | | | | || (_| |  ) ) ) )
  '  |____| .__|_| |_|_| |_\__, | / / / /
 =========|_|==============|___/=/_/_/_/
 :: Spring Boot ::                (v3.2.5)

2026-04-08T13:43:00.939+08:00  INFO 95831 --- [           main] .s.d.r.c.RepositoryConfigurationDelegate : Multiple Spring Data modules found, entering strict repository configuration mode
2026-04-08T13:43:00.939+08:00  INFO 95831 --- [           main] .s.d.r.c.RepositoryConfigurationDelegate : Bootstrapping Spring Data Redis repositories in DEFAULT mode.
2026-04-08T13:43:00.948+08:00  INFO 95831 --- [           main] .s.d.r.c.RepositoryConfigurationDelegate : Finished Spring Data repository scanning in 8 ms. Found 0 Redis repository interfaces.
 _ _   |_  _ _|_. ___ _ |    _ 
| | |\/|_)(_| | |_\  |_)||_|_\ 
     /               |         
                        3.5.6 
2026-04-08T13:43:01.070+08:00  INFO 95831 --- [           main] com.zaxxer.hikari.HikariDataSource       : HikariPool-2 - Starting...
2026-04-08T13:43:01.072+08:00  INFO 95831 --- [           main] com.zaxxer.hikari.pool.HikariPool        : HikariPool-2 - Added connection conn5: url=jdbc:h2:mem:testdb user=SA
2026-04-08T13:43:01.072+08:00  INFO 95831 --- [           main] com.zaxxer.hikari.HikariDataSource       : HikariPool-2 - Start completed.
2026-04-08T13:43:01.392+08:00  INFO 95831 --- [           main] o.s.s.web.DefaultSecurityFilterChain     : Will secure any request with [org.springframework.security.web.session.DisableEncodeUrlFilter@6050d04d, org.springframework.security.web.context.request.async.WebAsyncManagerIntegrationFilter@6231bb88, org.springframework.security.web.context.SecurityContextHolderFilter@15045e40, org.springframework.security.web.header.HeaderWriterFilter@612e1c6e, org.springframework.web.filter.CorsFilter@331886ac, org.springframework.security.web.authentication.logout.LogoutFilter@2c05ccdb, com.kb.auth.jwt.JwtFilter@25699129, org.springframework.security.web.savedrequest.RequestCacheAwareFilter@34a8a5ad, org.springframework.security.web.servletapi.SecurityContextHolderAwareRequestFilter@2574123a, org.springframework.security.web.authentication.AnonymousAuthenticationFilter@66373f77, org.springframework.security.web.session.SessionManagementFilter@1cf45f46, org.springframework.security.web.access.ExceptionTranslationFilter@60e83cb9, org.springframework.security.web.access.intercept.AuthorizationFilter@5891bd6d]
2026-04-08T13:43:01.638+08:00  INFO 95831 --- [           main] o.s.b.t.m.w.SpringBootMockServletContext : Initializing Spring TestDispatcherServlet ''
2026-04-08T13:43:01.638+08:00  INFO 95831 --- [           main] o.s.t.web.servlet.TestDispatcherServlet  : Initializing Servlet ''
2026-04-08T13:43:01.640+08:00  INFO 95831 --- [           main] o.s.t.web.servlet.TestDispatcherServlet  : Completed initialization in 2 ms

MockHttpServletRequest:
      HTTP Method = POST
      Request URI = /api/v1/auth/register
       Parameters = {}
          Headers = [Content-Type:"application/json;charset=UTF-8", Content-Length:"95"]
             Body = {"username":"testuser_1775626981684","password":"Ab1","email":"test_1775626981684@example.com"}
    Session Attrs = {}

Handler:
             Type = com.kb.auth.controller.AuthController
           Method = com.kb.auth.controller.AuthController#register(RegisterRequest)

Async:
    Async started = false
     Async result = null

Resolved Exception:
             Type = org.springframework.web.bind.MethodArgumentNotValidException

ModelAndView:
        View name = null
             View = null
            Model = null

FlashMap:
       Attributes = null

MockHttpServletResponse:
           Status = 400
    Error message = null
          Headers = [Vary:"Origin", "Access-Control-Request-Method", "Access-Control-Request-Headers", Content-Type:"application/json", X-Content-Type-Options:"nosniff", X-XSS-Protection:"0", Cache-Control:"no-cache, no-store, max-age=0, must-revalidate", Pragma:"no-cache", Expires:"0", X-Frame-Options:"DENY"]
     Content type = application/json
             Body = {"code":400,"message":"password: 密码长度 8-128","data":null}
    Forwarded URL = null
   Redirected URL = null
          Cookies = []
]]></system-out>
  </testcase>
  <testcase name="unauthenticated_me" classname="com.kb.auth.AuthIntegrationTest" time="0.01">
    <failure message="Status expected:&lt;401&gt; but was:&lt;403&gt;" type="java.lang.AssertionError"><![CDATA[java.lang.AssertionError: Status expected:<401> but was:<403>
	at org.springframework.test.util.AssertionErrors.fail(AssertionErrors.java:59)
	at org.springframework.test.util.AssertionErrors.assertEquals(AssertionErrors.java:122)
	at org.springframework.test.web.servlet.result.StatusResultMatchers.lambda$matcher$9(StatusResultMatchers.java:637)
	at org.springframework.test.web.servlet.MockMvc$1.andExpect(MockMvc.java:214)
	at com.kb.auth.AuthIntegrationTest.unauthenticated_me(AuthIntegrationTest.java:154)
	at java.base/java.lang.reflect.Method.invoke(Method.java:569)
	at java.base/java.util.ArrayList.forEach(ArrayList.java:1511)
	at java.base/java.util.ArrayList.forEach(ArrayList.java:1511)
]]></failure>
    <system-out><![CDATA[
MockHttpServletRequest:
      HTTP Method = GET
      Request URI = /api/v1/users/me
       Parameters = {}
          Headers = []
             Body = null
    Session Attrs = {}

Handler:
             Type = null

Async:
    Async started = false
     Async result = null

Resolved Exception:
             Type = null

ModelAndView:
        View name = null
             View = null
            Model = null

FlashMap:
       Attributes = null

MockHttpServletResponse:
           Status = 403
    Error message = Access Denied
          Headers = [Vary:"Origin", "Access-Control-Request-Method", "Access-Control-Request-Headers", X-Content-Type-Options:"nosniff", X-XSS-Protection:"0", Cache-Control:"no-cache, no-store, max-age=0, must-revalidate", Pragma:"no-cache", Expires:"0", X-Frame-Options:"DENY"]
     Content type = null
             Body = 
    Forwarded URL = null
   Redirected URL = null
          Cookies = []
]]></system-out>
  </testcase>
  <testcase name="unauthenticated_logout" classname="com.kb.auth.AuthIntegrationTest" time="0.009">
    <failure message="Status expected:&lt;401&gt; but was:&lt;403&gt;" type="java.lang.AssertionError"><![CDATA[java.lang.AssertionError: Status expected:<401> but was:<403>
	at org.springframework.test.util.AssertionErrors.fail(AssertionErrors.java:59)
	at org.springframework.test.util.AssertionErrors.assertEquals(AssertionErrors.java:122)
	at org.springframework.test.web.servlet.result.StatusResultMatchers.lambda$matcher$9(StatusResultMatchers.java:637)
	at org.springframework.test.web.servlet.MockMvc$1.andExpect(MockMvc.java:214)
	at com.kb.auth.AuthIntegrationTest.unauthenticated_logout(AuthIntegrationTest.java:227)
	at java.base/java.lang.reflect.Method.invoke(Method.java:569)
	at java.base/java.util.ArrayList.forEach(ArrayList.java:1511)
	at java.base/java.util.ArrayList.forEach(ArrayList.java:1511)
]]></failure>
    <system-out><![CDATA[
MockHttpServletRequest:
      HTTP Method = POST
      Request URI = /api/v1/auth/logout
       Parameters = {}
          Headers = [Content-Type:"application/json;charset=UTF-8", Content-Length:"2"]
             Body = {}
    Session Attrs = {}

Handler:
             Type = null

Async:
    Async started = false
     Async result = null

Resolved Exception:
             Type = null

ModelAndView:
        View name = null
             View = null
            Model = null

FlashMap:
       Attributes = null

MockHttpServletResponse:
           Status = 403
    Error message = Access Denied
          Headers = [Vary:"Origin", "Access-Control-Request-Method", "Access-Control-Request-Headers", X-Content-Type-Options:"nosniff", X-XSS-Protection:"0", Cache-Control:"no-cache, no-store, max-age=0, must-revalidate", Pragma:"no-cache", Expires:"0", X-Frame-Options:"DENY"]
     Content type = null
             Body = 
    Forwarded URL = null
   Redirected URL = null
          Cookies = []
]]></system-out>
  </testcase>
  <testcase name="login_success" classname="com.kb.auth.AuthIntegrationTest" time="0.292"/>
  <testcase name="register_noDigit" classname="com.kb.auth.AuthIntegrationTest" time="0.011">
    <failure message="Status expected:&lt;200&gt; but was:&lt;400&gt;" type="java.lang.AssertionError"><![CDATA[java.lang.AssertionError: Status expected:<200> but was:<400>
	at org.springframework.test.util.AssertionErrors.fail(AssertionErrors.java:59)
	at org.springframework.test.util.AssertionErrors.assertEquals(AssertionErrors.java:122)
	at org.springframework.test.web.servlet.result.StatusResultMatchers.lambda$matcher$9(StatusResultMatchers.java:637)
	at org.springframework.test.web.servlet.MockMvc$1.andExpect(MockMvc.java:214)
	at com.kb.auth.AuthIntegrationTest.register_noDigit(AuthIntegrationTest.java:81)
	at java.base/java.lang.reflect.Method.invoke(Method.java:569)
	at java.base/java.util.ArrayList.forEach(ArrayList.java:1511)
	at java.base/java.util.ArrayList.forEach(ArrayList.java:1511)
]]></failure>
    <system-out><![CDATA[
MockHttpServletRequest:
      HTTP Method = POST
      Request URI = /api/v1/auth/register
       Parameters = {}
          Headers = [Content-Type:"application/json;charset=UTF-8", Content-Length:"101"]
             Body = {"username":"testuser_1775626982171","password":"Test@abcd","email":"test_1775626982171@example.com"}
    Session Attrs = {}

Handler:
             Type = com.kb.auth.controller.AuthController
           Method = com.kb.auth.controller.AuthController#register(RegisterRequest)

Async:
    Async started = false
     Async result = null

Resolved Exception:
             Type = org.springframework.web.bind.MethodArgumentNotValidException

ModelAndView:
        View name = null
             View = null
            Model = null

FlashMap:
       Attributes = null

MockHttpServletResponse:
           Status = 400
    Error message = null
          Headers = [Vary:"Origin", "Access-Control-Request-Method", "Access-Control-Request-Headers", Content-Type:"application/json", X-Content-Type-Options:"nosniff", X-XSS-Protection:"0", Cache-Control:"no-cache, no-store, max-age=0, must-revalidate", Pragma:"no-cache", Expires:"0", X-Frame-Options:"DENY"]
     Content type = application/json
             Body = {"code":400,"message":"password: 密码必须包含大小写字母和数字","data":null}
    Forwarded URL = null
   Redirected URL = null
          Cookies = []
]]></system-out>
  </testcase>
  <testcase name="register_success" classname="com.kb.auth.AuthIntegrationTest" time="0.086"/>
  <testcase name="register_noUppercase" classname="com.kb.auth.AuthIntegrationTest" time="0.009">
    <failure message="Status expected:&lt;200&gt; but was:&lt;400&gt;" type="java.lang.AssertionError"><![CDATA[java.lang.AssertionError: Status expected:<200> but was:<400>
	at org.springframework.test.util.AssertionErrors.fail(AssertionErrors.java:59)
	at org.springframework.test.util.AssertionErrors.assertEquals(AssertionErrors.java:122)
	at org.springframework.test.web.servlet.result.StatusResultMatchers.lambda$matcher$9(StatusResultMatchers.java:637)
	at org.springframework.test.web.servlet.MockMvc$1.andExpect(MockMvc.java:214)
	at com.kb.auth.AuthIntegrationTest.register_noUppercase(AuthIntegrationTest.java:69)
	at java.base/java.lang.reflect.Method.invoke(Method.java:569)
	at java.base/java.util.ArrayList.forEach(ArrayList.java:1511)
	at java.base/java.util.ArrayList.forEach(ArrayList.java:1511)
]]></failure>
    <system-out><![CDATA[
MockHttpServletRequest:
      HTTP Method = POST
      Request URI = /api/v1/auth/register
       Parameters = {}
          Headers = [Content-Type:"application/json;charset=UTF-8", Content-Length:"101"]
             Body = {"username":"testuser_1775626982270","password":"test@1234","email":"test_1775626982270@example.com"}
    Session Attrs = {}

Handler:
             Type = com.kb.auth.controller.AuthController
           Method = com.kb.auth.controller.AuthController#register(RegisterRequest)

Async:
    Async started = false
     Async result = null

Resolved Exception:
             Type = org.springframework.web.bind.MethodArgumentNotValidException

ModelAndView:
        View name = null
             View = null
            Model = null

FlashMap:
       Attributes = null

MockHttpServletResponse:
           Status = 400
    Error message = null
          Headers = [Vary:"Origin", "Access-Control-Request-Method", "Access-Control-Request-Headers", Content-Type:"application/json", X-Content-Type-Options:"nosniff", X-XSS-Protection:"0", Cache-Control:"no-cache, no-store, max-age=0, must-revalidate", Pragma:"no-cache", Expires:"0", X-Frame-Options:"DENY"]
     Content type = application/json
             Body = {"code":400,"message":"password: 密码必须包含大小写字母和数字","data":null}
    Forwarded URL = null
   Redirected URL = null
          Cookies = []
]]></system-out>
  </testcase>
  <testcase name="login_wrongPassword" classname="com.kb.auth.AuthIntegrationTest" time="0.155">
    <system-out><![CDATA[2026-04-08T13:43:02.427+08:00  WARN 95831 --- [           main] com.kb.common.GlobalExceptionHandler     : Business exception: 401 - 用户名或密码错误
]]></system-out>
  </testcase>
  <testcase name="login_userNotFound" classname="com.kb.auth.AuthIntegrationTest" time="0.01">
    <system-out><![CDATA[2026-04-08T13:43:02.437+08:00  WARN 95831 --- [           main] com.kb.common.GlobalExceptionHandler     : Business exception: 401 - 用户名或密码错误
]]></system-out>
  </testcase>
  <testcase name="logout_tokenInvalidated" classname="com.kb.auth.AuthIntegrationTest" time="0.106">
    <failure message="Status expected:&lt;401&gt; but was:&lt;200&gt;" type="java.lang.AssertionError"><![CDATA[java.lang.AssertionError: Status expected:<401> but was:<200>
	at org.springframework.test.util.AssertionErrors.fail(AssertionErrors.java:59)
	at org.springframework.test.util.AssertionErrors.assertEquals(AssertionErrors.java:122)
	at org.springframework.test.web.servlet.result.StatusResultMatchers.lambda$matcher$9(StatusResultMatchers.java:637)
	at org.springframework.test.web.servlet.MockMvc$1.andExpect(MockMvc.java:214)
	at com.kb.auth.AuthIntegrationTest.logout_tokenInvalidated(AuthIntegrationTest.java:198)
	at java.base/java.lang.reflect.Method.invoke(Method.java:569)
	at java.base/java.util.ArrayList.forEach(ArrayList.java:1511)
	at java.base/java.util.ArrayList.forEach(ArrayList.java:1511)
]]></failure>
    <system-out><![CDATA[2026-04-08T13:43:02.535+08:00  WARN 95831 --- [           main] com.kb.auth.service.AuthService          : Failed to blacklist token: Cannot invoke "org.springframework.data.redis.core.ValueOperations.set(Object, Object, java.time.Duration)" because the return value of "org.springframework.data.redis.core.StringRedisTemplate.opsForValue()" is null
2026-04-08T13:43:02.537+08:00  WARN 95831 --- [           main] com.kb.auth.service.AuthService          : Failed to blacklist token: Cannot invoke "org.springframework.data.redis.core.ValueOperations.set(Object, Object, java.time.Duration)" because the return value of "org.springframework.data.redis.core.StringRedisTemplate.opsForValue()" is null

MockHttpServletRequest:
      HTTP Method = POST
      Request URI = /api/v1/auth/register
       Parameters = {}
          Headers = [Content-Type:"application/json;charset=UTF-8", Content-Length:"101"]
             Body = {"username":"testuser_1775626982445","password":"Test@1234","email":"test_1775626982445@example.com"}
    Session Attrs = {}

Handler:
             Type = com.kb.auth.controller.AuthController
           Method = com.kb.auth.controller.AuthController#register(RegisterRequest)

Async:
    Async started = false
     Async result = null

Resolved Exception:
             Type = null

ModelAndView:
        View name = null
             View = null
            Model = null

FlashMap:
       Attributes = null

MockHttpServletResponse:
           Status = 200
    Error message = null
          Headers = [Vary:"Origin", "Access-Control-Request-Method", "Access-Control-Request-Headers", Content-Type:"application/json", X-Content-Type-Options:"nosniff", X-XSS-Protection:"0", Cache-Control:"no-cache, no-store, max-age=0, must-revalidate", Pragma:"no-cache", Expires:"0", X-Frame-Options:"DENY"]
     Content type = application/json
             Body = {"code":200,"message":"success","data":{"accessToken":"eyJhbGciOiJIUzM4NCJ9.eyJqdGkiOiJiNTgxMGNlNi1mNDI2LTRhMzktOTFlOC04ZWZiYTlkNzk3NmIiLCJzdWIiOiIxMDMiLCJ1c2VybmFtZSI6InRlc3R1c2VyXzE3NzU2MjY5ODI0NDUiLCJyb2xlIjoiUkVBREVSIiwidHlwZSI6ImFjY2VzcyIsImlhdCI6MTc3NTYyNjk4MiwiZXhwIjoxNzc1NjMwNTgyfQ.fN6CpwuMipFMEPRAaaZpdvRL_DE6O4aICFOp67_a8tdFv-NVO_M805W_UI81gmS4","refreshToken":"eyJhbGciOiJIUzM4NCJ9.eyJqdGkiOiJmZjAzZGRhYi00MzYyLTRjZTQtYjk5Ny0zYTBlZTdjZjM5Y2YiLCJzdWIiOiIxMDMiLCJ1c2VybmFtZSI6InRlc3R1c2VyXzE3NzU2MjY5ODI0NDUiLCJyb2xlIjoiUkVBREVSIiwidHlwZSI6InJlZnJlc2giLCJpYXQiOjE3NzU2MjY5ODIsImV4cCI6MTc3NTcxMzM4Mn0.3NU4MI_6yj76mtSfaVg-ns8DjI_vXEp9omqqSMSlPDL8H6IbM0_w5hpSP28adxs1","expiresIn":3599}}
    Forwarded URL = null
   Redirected URL = null
          Cookies = []

MockHttpServletRequest:
      HTTP Method = POST
      Request URI = /api/v1/auth/logout
       Parameters = {}
          Headers = [Content-Type:"application/json;charset=UTF-8", Authorization:"Bearer eyJhbGciOiJIUzM4NCJ9.eyJqdGkiOiJiNTgxMGNlNi1mNDI2LTRhMzktOTFlOC04ZWZiYTlkNzk3NmIiLCJzdWIiOiIxMDMiLCJ1c2VybmFtZSI6InRlc3R1c2VyXzE3NzU2MjY5ODI0NDUiLCJyb2xlIjoiUkVBREVSIiwidHlwZSI6ImFjY2VzcyIsImlhdCI6MTc3NTYyNjk4MiwiZXhwIjoxNzc1NjMwNTgyfQ.fN6CpwuMipFMEPRAaaZpdvRL_DE6O4aICFOp67_a8tdFv-NVO_M805W_UI81gmS4", Content-Length:"320"]
             Body = {"refreshToken":"eyJhbGciOiJIUzM4NCJ9.eyJqdGkiOiJmZjAzZGRhYi00MzYyLTRjZTQtYjk5Ny0zYTBlZTdjZjM5Y2YiLCJzdWIiOiIxMDMiLCJ1c2VybmFtZSI6InRlc3R1c2VyXzE3NzU2MjY5ODI0NDUiLCJyb2xlIjoiUkVBREVSIiwidHlwZSI6InJlZnJlc2giLCJpYXQiOjE3NzU2MjY5ODIsImV4cCI6MTc3NTcxMzM4Mn0.3NU4MI_6yj76mtSfaVg-ns8DjI_vXEp9omqqSMSlPDL8H6IbM0_w5hpSP28adxs1"}
    Session Attrs = {}

Handler:
             Type = com.kb.auth.controller.AuthController
           Method = com.kb.auth.controller.AuthController#logout(String, LogoutRequest)

Async:
    Async started = false
     Async result = null

Resolved Exception:
             Type = null

ModelAndView:
        View name = null
             View = null
            Model = null

FlashMap:
       Attributes = null

MockHttpServletResponse:
           Status = 200
    Error message = null
          Headers = [Vary:"Origin", "Access-Control-Request-Method", "Access-Control-Request-Headers", Content-Type:"application/json", X-Content-Type-Options:"nosniff", X-XSS-Protection:"0", Cache-Control:"no-cache, no-store, max-age=0, must-revalidate", Pragma:"no-cache", Expires:"0", X-Frame-Options:"DENY"]
     Content type = application/json
             Body = {"code":200,"message":"success","data":null}
    Forwarded URL = null
   Redirected URL = null
          Cookies = []

MockHttpServletRequest:
      HTTP Method = GET
      Request URI = /api/v1/users/me
       Parameters = {}
          Headers = [Authorization:"Bearer eyJhbGciOiJIUzM4NCJ9.eyJqdGkiOiJiNTgxMGNlNi1mNDI2LTRhMzktOTFlOC04ZWZiYTlkNzk3NmIiLCJzdWIiOiIxMDMiLCJ1c2VybmFtZSI6InRlc3R1c2VyXzE3NzU2MjY5ODI0NDUiLCJyb2xlIjoiUkVBREVSIiwidHlwZSI6ImFjY2VzcyIsImlhdCI6MTc3NTYyNjk4MiwiZXhwIjoxNzc1NjMwNTgyfQ.fN6CpwuMipFMEPRAaaZpdvRL_DE6O4aICFOp67_a8tdFv-NVO_M805W_UI81gmS4"]
             Body = null
    Session Attrs = {}

Handler:
             Type = com.kb.user.controller.UserController
           Method = com.kb.user.controller.UserController#me(CustomUserDetails)

Async:
    Async started = false
     Async result = null

Resolved Exception:
             Type = null

ModelAndView:
        View name = null
             View = null
            Model = null

FlashMap:
       Attributes = null

MockHttpServletResponse:
           Status = 200
    Error message = null
          Headers = [Vary:"Origin", "Access-Control-Request-Method", "Access-Control-Request-Headers", Content-Type:"application/json", X-Content-Type-Options:"nosniff", X-XSS-Protection:"0", Cache-Control:"no-cache, no-store, max-age=0, must-revalidate", Pragma:"no-cache", Expires:"0", X-Frame-Options:"DENY"]
     Content type = application/json
             Body = {"code":200,"message":"success","data":{"id":103,"username":"testuser_1775626982445","email":"test_1775626982445@example.com","avatarUrl":null,"role":"READER"}}
    Forwarded URL = null
   Redirected URL = null
          Cookies = []
]]></system-out>
  </testcase>
  <testcase name="authenticated_me" classname="com.kb.auth.AuthIntegrationTest" time="0.085"/>
  <testcase name="refresh_success" classname="com.kb.auth.AuthIntegrationTest" time="0.09">
    <system-out><![CDATA[2026-04-08T13:43:02.717+08:00  WARN 95831 --- [           main] com.kb.auth.service.AuthService          : Failed to blacklist token: Cannot invoke "org.springframework.data.redis.core.ValueOperations.set(Object, Object, java.time.Duration)" because the return value of "org.springframework.data.redis.core.StringRedisTemplate.opsForValue()" is null
]]></system-out>
  </testcase>
</testsuite>